<?xml version="1.0" encoding="UTF-8"?>
<testsuite xmlns:xsi="http://www.w3.org/2001/XMLSchema-instance" xsi:noNamespaceSchemaLocation="https://maven.apache.org/surefire/maven-surefire-plugin/xsd/surefire-test-report.xsd" version="3.0.2" name="com.example.assets.AssetsApplicationTests" time="7.78" tests="1" errors="0" skipped="0" failures="0">
  <properties>
[...]
</properties>
  <testcase name="contextLoads" classname="com.example.assets.AssetsApplicationTests" time="1.409">
    <system-out><![CDATA[01:23:36.957 [main] INFO org.springframework.test.context.support.AnnotationConfigContextLoaderUtils -- Could not detect default configuration classes for test class [com.example.assets.AssetsApplicationTests]: AssetsApplicationTests does not declare any static, non-private, non-final, nested classes annotated with @Configuration.
01:23:37.245 [main] INFO org.springframework.boot.test.context.SpringBootTestContextBootstrapper -- Found @SpringBootConfiguration com.example.assets.AssetsApplication for test class com.example.assets.AssetsApplicationTests

  .   ____          _            __ _ _
 /\\ / ___'_ __ _ _(_)_ __  __ _ \ \ \ \
( ( )\___ | '_ | '_| | '_ \/ _` | \ \ \ \
 \\/  ___)| |_)| | | | | || (_| |  ) ) ) )
  '  |____| .__|_| |_|_| |_\__, | / / / /
 =========|_|==============|___/=/_/_/_/

 :: Spring Boot ::                (v4.0.1)

2025-12-24T01:23:38.540+05:30  INFO 11876 --- [assets] [           main] c.example.assets.AssetsApplicationTests  : Starting AssetsApplicationTests using Java 17.0.12 with PID 11876 (started by shafn in C:\Users\shafn\Downloads\assets\assets)
2025-12-24T01:23:38.546+05:30  INFO 11876 --- [assets] [           main] c.example.assets.AssetsApplicationTests  : No active profile set, falling back to 1 default profile: "default"
2025-12-24T01:23:42.039+05:30  WARN 11876 --- [assets] [           main] .s.a.UserDetailsServiceAutoConfiguration : 

Using generated security password: 20089a92-c5de-460e-bc4b-15630e9c60e5

This generated password is for development use only. Your security configuration must be updated before running your application in production.

2025-12-24T01:23:42.185+05:30  INFO 11876 --- [assets] [           main] r$InitializeUserDetailsManagerConfigurer : Global AuthenticationManager configured with UserDetailsService bean with name inMemoryUserDetailsManager
2025-12-24T01:23:42.662+05:30  INFO 11876 --- [assets] [           main] c.example.assets.AssetsApplicationTests  : Started AssetsApplicationTests in 4.787 seconds (process running for 8.596)
]]></system-out>
  </testcase>
</testsuite>